<?xml version="1.0" encoding="UTF-8"?>
<!-- Generated by org.testng.reporters.JUnitReportReporter -->
<testsuite hostname="jarvis-007" failures="0" tests="1" name="restAssured.PostBasics" time="3.017" errors="0" timestamp="06 Jul 2019 05:18:17 GMT" skipped="0">
  <testcase classname="restAssured.PostBasics" name="postTest" time="3.017"/>
</testsuite> <!-- restAssured.PostBasics -->
