<?xml version="1.0" encoding="UTF-8"?>
<!-- Generated by org.testng.reporters.JUnitReportReporter -->
<testsuite hostname="jarvis-007" failures="0" tests="1" name="restAssured.PostXml" time="2.927" errors="0" timestamp="07 Jul 2019 10:07:41 GMT" skipped="0">
  <testcase classname="restAssured.PostXml" name="postTest" time="2.927"/>
</testsuite> <!-- restAssured.PostXml -->
