<?xml version="1.0" encoding="UTF-8"?>
<!-- Generated by org.testng.reporters.JUnitReportReporter -->
<testsuite hostname="jarvis-007" failures="0" tests="1" name="restAssured.getNameResults" time="4.481" errors="0" timestamp="07 Jul 2019 10:39:30 GMT" skipped="0">
  <testcase classname="restAssured.getNameResults" name="ResultsTest" time="4.481"/>
</testsuite> <!-- restAssured.getNameResults -->
