<?xml version="1.0" encoding="UTF-8"?>
<!-- Generated by org.testng.reporters.JUnitReportReporter -->
<testsuite hostname="jarvis-007" failures="0" tests="1" name="restAssured.PostAndDeleteXml" time="2.966" errors="0" timestamp="07 Jul 2019 10:03:28 GMT" skipped="0">
  <testcase classname="restAssured.PostAndDeleteXml" name="postTest" time="2.966"/>
</testsuite> <!-- restAssured.PostAndDeleteXml -->
