<?xml version="1.0" encoding="UTF-8"?>
<!-- Generated by org.testng.reporters.JUnitReportReporter -->
<testsuite hostname="jarvis-007" failures="0" tests="1" name="restAssured.Basics" time="3.885" errors="0" timestamp="04 Jul 2019 12:00:54 GMT" skipped="0">
  <testcase classname="restAssured.Basics" name="Test" time="3.885"/>
</testsuite> <!-- restAssured.Basics -->
