<?xml version="1.0" encoding="UTF-8"?>
<!-- Generated by org.testng.reporters.JUnitReportReporter -->
<testsuite hostname="jarvis-007" failures="0" tests="1" name="restAssured.PostAndDelete" time="3.138" errors="0" timestamp="06 Jul 2019 08:18:02 GMT" skipped="0">
  <testcase classname="restAssured.PostAndDelete" name="postTest" time="3.138"/>
</testsuite> <!-- restAssured.PostAndDelete -->
