<?xml version="1.0" encoding="UTF-8"?>
<!-- Generated by org.testng.reporters.JUnitReportReporter -->
<testsuite hostname="jarvis-007" failures="0" tests="4" name="restAssured.LibApi" time="3.220" errors="0" timestamp="08 Jul 2019 11:48:41 GMT" skipped="1">
  <testcase classname="restAssured.LibApi" name="postLibrary" time="0.160"/>
  <testcase classname="restAssured.LibApi" name="postLibrary" time="0.153"/>
  <testcase classname="restAssured.LibApi" name="postLibrary" time="2.907"/>
  <testcase classname="restAssured.LibApi" name="getLibrary">
    <skipped/>
  </testcase> <!-- getLibrary -->
</testsuite> <!-- restAssured.LibApi -->
