<?xml version="1.0" encoding="UTF-8"?>
<!-- Generated by org.testng.reporters.JUnitReportReporter -->
<testsuite hostname="jarvis-007" failures="0" tests="1" name="restAssured.GetNameResults" time="6.243" errors="0" timestamp="08 Jul 2019 06:39:00 GMT" skipped="0">
  <testcase classname="restAssured.GetNameResults" name="ResultsTest" time="6.243"/>
</testsuite> <!-- restAssured.GetNameResults -->
